2021-03-06 16:30:45.3159 Info Message Template Auto Format enabled
2021-03-06 16:30:45.3327 Info Loading assembly: NLog.Web.AspNetCore
2021-03-06 16:30:45.3333 Info Loading assembly: NLog.Targets.Sentry
2021-03-06 16:30:45.3389 Warn Error has been raised. Exception: NLog.NLogConfigurationException: Error loading extensions: NLog.Targets.Sentry
 ---> System.IO.FileNotFoundException: Could not load file or assembly 'NLog.Targets.Sentry, Culture=neutral, PublicKeyToken=null'. The system cannot find the file specified.

File name: 'NLog.Targets.Sentry, Culture=neutral, PublicKeyToken=null'
   at System.Reflection.RuntimeAssembly.InternalLoad(ObjectHandleOnStack assemblyName, ObjectHandleOnStack requestingAssembly, StackCrawlMarkHandle stackMark, Boolean throwOnFileNotFound, ObjectHandleOnStack assemblyLoadContext, ObjectHandleOnStack retAssembly)
   at System.Reflection.RuntimeAssembly.InternalLoad(AssemblyName assemblyName, RuntimeAssembly requestingAssembly, StackCrawlMark& stackMark, Boolean throwOnFileNotFound, AssemblyLoadContext assemblyLoadContext)
   at System.Reflection.Assembly.Load(String assemblyString)
   at NLog.Internal.AssemblyHelpers.LoadFromName(String assemblyName)
   at NLog.Config.LoggingConfigurationParser.ParseExtensionWithAssembly(String assemblyName, String prefix)
   --- End of inner exception stack trace ---
2021-03-06 16:30:45.4168 Info Adding target AsyncTargetWrapper(Name=LogFile)
2021-03-06 16:30:45.4260 Info Adding target AsyncTargetWrapper(Name=ColorConsole)
2021-03-06 16:30:45.4260 Warn Error has been raised. Exception: NLog.NLogConfigurationException: Failed to create target type: Sentry
 ---> System.ArgumentException: Target cannot be found: 'Sentry'
   at NLog.Config.Factory`2.CreateInstance(String itemName)
   at NLog.Config.LoggingConfigurationParser.CreateTargetType(String targetTypeName)
   --- End of inner exception stack trace ---
2021-03-06 16:30:45.4330 Warn Error has been raised. Exception: NLog.NLogConfigurationException: Target 'Sentry' not found for logging rule: *.
2021-03-06 16:30:45.5696 Info Validating config: TargetNames=ColorConsole, LogFile, ConfigItems=37, FilePath=/Users/pasha/Documents/GitHub/PythonGit/PythonProgramming/C#/Task_03/ProductRest/ProductRest/bin/Debug/net5.0/nlog.config
2021-03-06 16:31:39.8408 Info Message Template Auto Format enabled
2021-03-06 16:31:39.8699 Info Loading assembly: NLog.Web.AspNetCore
2021-03-06 16:31:39.8709 Info Loading assembly: NLog.Targets.Sentry
2021-03-06 16:31:39.8743 Warn Error has been raised. Exception: NLog.NLogConfigurationException: Error loading extensions: NLog.Targets.Sentry
 ---> System.IO.FileNotFoundException: Could not load file or assembly 'NLog.Targets.Sentry, Culture=neutral, PublicKeyToken=null'. The system cannot find the file specified.

File name: 'NLog.Targets.Sentry, Culture=neutral, PublicKeyToken=null'
   at System.Reflection.RuntimeAssembly.InternalLoad(ObjectHandleOnStack assemblyName, ObjectHandleOnStack requestingAssembly, StackCrawlMarkHandle stackMark, Boolean throwOnFileNotFound, ObjectHandleOnStack assemblyLoadContext, ObjectHandleOnStack retAssembly)
   at System.Reflection.RuntimeAssembly.InternalLoad(AssemblyName assemblyName, RuntimeAssembly requestingAssembly, StackCrawlMark& stackMark, Boolean throwOnFileNotFound, AssemblyLoadContext assemblyLoadContext)
   at System.Reflection.Assembly.Load(String assemblyString)
   at NLog.Internal.AssemblyHelpers.LoadFromName(String assemblyName)
   at NLog.Config.LoggingConfigurationParser.ParseExtensionWithAssembly(String assemblyName, String prefix)
   --- End of inner exception stack trace ---
2021-03-06 16:31:39.9845 Info Adding target AsyncTargetWrapper(Name=LogFile)
2021-03-06 16:31:39.9972 Info Adding target AsyncTargetWrapper(Name=ColorConsole)
2021-03-06 16:31:39.9978 Warn Error has been raised. Exception: NLog.NLogConfigurationException: Failed to create target type: Sentry
 ---> System.ArgumentException: Target cannot be found: 'Sentry'
   at NLog.Config.Factory`2.CreateInstance(String itemName)
   at NLog.Config.LoggingConfigurationParser.CreateTargetType(String targetTypeName)
   --- End of inner exception stack trace ---
2021-03-06 16:31:40.0062 Warn Error has been raised. Exception: NLog.NLogConfigurationException: Target 'Sentry' not found for logging rule: *.
2021-03-06 16:31:40.2003 Info Validating config: TargetNames=ColorConsole, LogFile, ConfigItems=37, FilePath=/Users/pasha/Documents/GitHub/PythonGit/PythonProgramming/C#/Task_03/ProductRest/ProductRest/bin/Debug/net5.0/nlog.config
2021-03-06 16:32:52.3466 Info Message Template Auto Format enabled
2021-03-06 16:32:52.3594 Info Loading assembly: NLog.Web.AspNetCore
2021-03-06 16:32:52.3599 Info Loading assembly: NLog.Targets.Sentry
2021-03-06 16:32:52.3618 Warn Error has been raised. Exception: NLog.NLogConfigurationException: Error loading extensions: NLog.Targets.Sentry
 ---> System.IO.FileNotFoundException: Could not load file or assembly 'NLog.Targets.Sentry, Culture=neutral, PublicKeyToken=null'. The system cannot find the file specified.

File name: 'NLog.Targets.Sentry, Culture=neutral, PublicKeyToken=null'
   at System.Reflection.RuntimeAssembly.InternalLoad(ObjectHandleOnStack assemblyName, ObjectHandleOnStack requestingAssembly, StackCrawlMarkHandle stackMark, Boolean throwOnFileNotFound, ObjectHandleOnStack assemblyLoadContext, ObjectHandleOnStack retAssembly)
   at System.Reflection.RuntimeAssembly.InternalLoad(AssemblyName assemblyName, RuntimeAssembly requestingAssembly, StackCrawlMark& stackMark, Boolean throwOnFileNotFound, AssemblyLoadContext assemblyLoadContext)
   at System.Reflection.Assembly.Load(String assemblyString)
   at NLog.Internal.AssemblyHelpers.LoadFromName(String assemblyName)
   at NLog.Config.LoggingConfigurationParser.ParseExtensionWithAssembly(String assemblyName, String prefix)
   --- End of inner exception stack trace ---
2021-03-06 16:32:52.4145 Info Adding target AsyncTargetWrapper(Name=LogFile)
2021-03-06 16:32:52.4227 Info Adding target AsyncTargetWrapper(Name=ColorConsole)
2021-03-06 16:32:52.4229 Warn Error has been raised. Exception: NLog.NLogConfigurationException: Failed to create target type: Sentry
 ---> System.ArgumentException: Target cannot be found: 'Sentry'
   at NLog.Config.Factory`2.CreateInstance(String itemName)
   at NLog.Config.LoggingConfigurationParser.CreateTargetType(String targetTypeName)
   --- End of inner exception stack trace ---
2021-03-06 16:32:52.4292 Warn Error has been raised. Exception: NLog.NLogConfigurationException: Target 'Sentry' not found for logging rule: *.
2021-03-06 16:32:52.5078 Info Validating config: TargetNames=ColorConsole, LogFile, ConfigItems=37, FilePath=/Users/pasha/Documents/GitHub/PythonGit/PythonProgramming/C#/Task_03/ProductRest/ProductRest/bin/Debug/net5.0/nlog.config
2021-03-06 16:35:03.2887 Info Message Template Auto Format enabled
2021-03-06 16:35:03.3065 Info Loading assembly: NLog.Web.AspNetCore
2021-03-06 16:35:03.3072 Info Loading assembly: NLog.Targets.Sentry
2021-03-06 16:35:03.3112 Warn Error has been raised. Exception: NLog.NLogConfigurationException: Error loading extensions: NLog.Targets.Sentry
 ---> System.IO.FileNotFoundException: Could not load file or assembly 'NLog.Targets.Sentry, Culture=neutral, PublicKeyToken=null'. The system cannot find the file specified.

File name: 'NLog.Targets.Sentry, Culture=neutral, PublicKeyToken=null'
   at System.Reflection.RuntimeAssembly.InternalLoad(ObjectHandleOnStack assemblyName, ObjectHandleOnStack requestingAssembly, StackCrawlMarkHandle stackMark, Boolean throwOnFileNotFound, ObjectHandleOnStack assemblyLoadContext, ObjectHandleOnStack retAssembly)
   at System.Reflection.RuntimeAssembly.InternalLoad(AssemblyName assemblyName, RuntimeAssembly requestingAssembly, StackCrawlMark& stackMark, Boolean throwOnFileNotFound, AssemblyLoadContext assemblyLoadContext)
   at System.Reflection.Assembly.Load(String assemblyString)
   at NLog.Internal.AssemblyHelpers.LoadFromName(String assemblyName)
   at NLog.Config.LoggingConfigurationParser.ParseExtensionWithAssembly(String assemblyName, String prefix)
   --- End of inner exception stack trace ---
2021-03-06 16:35:03.3843 Info Adding target AsyncTargetWrapper(Name=LogFile)
2021-03-06 16:35:03.3959 Info Adding target AsyncTargetWrapper(Name=ColorConsole)
2021-03-06 16:35:03.3959 Warn Error has been raised. Exception: NLog.NLogConfigurationException: Failed to create target type: Sentry
 ---> System.ArgumentException: Target cannot be found: 'Sentry'
   at NLog.Config.Factory`2.CreateInstance(String itemName)
   at NLog.Config.LoggingConfigurationParser.CreateTargetType(String targetTypeName)
   --- End of inner exception stack trace ---
2021-03-06 16:35:03.4037 Warn Error has been raised. Exception: NLog.NLogConfigurationException: Target 'Sentry' not found for logging rule: *.
2021-03-06 16:35:03.5979 Info Validating config: TargetNames=ColorConsole, LogFile, ConfigItems=37, FilePath=/Users/pasha/Documents/GitHub/PythonGit/PythonProgramming/C#/Task_03/ProductRest/ProductRest/bin/Debug/net5.0/nlog.config
2021-03-06 16:36:29.3968 Info Message Template Auto Format enabled
2021-03-06 16:36:29.4211 Info Loading assembly: NLog.Web.AspNetCore
2021-03-06 16:36:29.4219 Info Loading assembly: NLog.Targets.Sentry
2021-03-06 16:36:29.4259 Warn Error has been raised. Exception: NLog.NLogConfigurationException: Error loading extensions: NLog.Targets.Sentry
 ---> System.IO.FileNotFoundException: Could not load file or assembly 'NLog.Targets.Sentry, Culture=neutral, PublicKeyToken=null'. The system cannot find the file specified.

File name: 'NLog.Targets.Sentry, Culture=neutral, PublicKeyToken=null'
   at System.Reflection.RuntimeAssembly.InternalLoad(ObjectHandleOnStack assemblyName, ObjectHandleOnStack requestingAssembly, StackCrawlMarkHandle stackMark, Boolean throwOnFileNotFound, ObjectHandleOnStack assemblyLoadContext, ObjectHandleOnStack retAssembly)
   at System.Reflection.RuntimeAssembly.InternalLoad(AssemblyName assemblyName, RuntimeAssembly requestingAssembly, StackCrawlMark& stackMark, Boolean throwOnFileNotFound, AssemblyLoadContext assemblyLoadContext)
   at System.Reflection.Assembly.Load(String assemblyString)
   at NLog.Internal.AssemblyHelpers.LoadFromName(String assemblyName)
   at NLog.Config.LoggingConfigurationParser.ParseExtensionWithAssembly(String assemblyName, String prefix)
   --- End of inner exception stack trace ---
2021-03-06 16:36:29.5032 Info Adding target AsyncTargetWrapper(Name=LogFile)
2021-03-06 16:36:29.5148 Info Adding target AsyncTargetWrapper(Name=ColorConsole)
2021-03-06 16:36:29.5148 Warn Error has been raised. Exception: NLog.NLogConfigurationException: Failed to create target type: Sentry
 ---> System.ArgumentException: Target cannot be found: 'Sentry'
   at NLog.Config.Factory`2.CreateInstance(String itemName)
   at NLog.Config.LoggingConfigurationParser.CreateTargetType(String targetTypeName)
   --- End of inner exception stack trace ---
2021-03-06 16:36:29.5220 Warn Error has been raised. Exception: NLog.NLogConfigurationException: Target 'Sentry' not found for logging rule: *.
2021-03-06 16:36:29.6829 Info Validating config: TargetNames=ColorConsole, LogFile, ConfigItems=37, FilePath=/Users/pasha/Documents/GitHub/PythonGit/PythonProgramming/C#/Task_03/ProductRest/ProductRest/bin/Debug/net5.0/nlog.config
2021-03-06 16:36:48.8782 Info Message Template Auto Format enabled
2021-03-06 16:36:48.8965 Info Loading assembly: NLog.Web.AspNetCore
2021-03-06 16:36:48.8965 Info Loading assembly: NLog.Targets.Sentry
2021-03-06 16:36:48.8994 Warn Error has been raised. Exception: NLog.NLogConfigurationException: Error loading extensions: NLog.Targets.Sentry
 ---> System.IO.FileNotFoundException: Could not load file or assembly 'NLog.Targets.Sentry, Culture=neutral, PublicKeyToken=null'. The system cannot find the file specified.

File name: 'NLog.Targets.Sentry, Culture=neutral, PublicKeyToken=null'
   at System.Reflection.RuntimeAssembly.InternalLoad(ObjectHandleOnStack assemblyName, ObjectHandleOnStack requestingAssembly, StackCrawlMarkHandle stackMark, Boolean throwOnFileNotFound, ObjectHandleOnStack assemblyLoadContext, ObjectHandleOnStack retAssembly)
   at System.Reflection.RuntimeAssembly.InternalLoad(AssemblyName assemblyName, RuntimeAssembly requestingAssembly, StackCrawlMark& stackMark, Boolean throwOnFileNotFound, AssemblyLoadContext assemblyLoadContext)
   at System.Reflection.Assembly.Load(String assemblyString)
   at NLog.Internal.AssemblyHelpers.LoadFromName(String assemblyName)
   at NLog.Config.LoggingConfigurationParser.ParseExtensionWithAssembly(String assemblyName, String prefix)
   --- End of inner exception stack trace ---
2021-03-06 16:36:48.9655 Info Adding target AsyncTargetWrapper(Name=LogFile)
2021-03-06 16:36:48.9771 Info Adding target AsyncTargetWrapper(Name=ColorConsole)
2021-03-06 16:36:48.9774 Warn Error has been raised. Exception: NLog.NLogConfigurationException: Failed to create target type: Sentry
 ---> System.ArgumentException: Target cannot be found: 'Sentry'
   at NLog.Config.Factory`2.CreateInstance(String itemName)
   at NLog.Config.LoggingConfigurationParser.CreateTargetType(String targetTypeName)
   --- End of inner exception stack trace ---
2021-03-06 16:36:48.9846 Warn Error has been raised. Exception: NLog.NLogConfigurationException: Target 'Sentry' not found for logging rule: *.
2021-03-06 16:36:49.1024 Info Validating config: TargetNames=ColorConsole, LogFile, ConfigItems=37, FilePath=/Users/pasha/Documents/GitHub/PythonGit/PythonProgramming/C#/Task_03/ProductRest/ProductRest/bin/Debug/net5.0/nlog.config
2021-03-06 16:38:15.2221 Info Message Template Auto Format enabled
2021-03-06 16:38:15.2442 Info Loading assembly: NLog.Web.AspNetCore
2021-03-06 16:38:15.2453 Info Loading assembly: NLog.Targets.Sentry
2021-03-06 16:38:15.2484 Warn Error has been raised. Exception: NLog.NLogConfigurationException: Error loading extensions: NLog.Targets.Sentry
 ---> System.IO.FileNotFoundException: Could not load file or assembly 'NLog.Targets.Sentry, Culture=neutral, PublicKeyToken=null'. The system cannot find the file specified.

File name: 'NLog.Targets.Sentry, Culture=neutral, PublicKeyToken=null'
   at System.Reflection.RuntimeAssembly.InternalLoad(ObjectHandleOnStack assemblyName, ObjectHandleOnStack requestingAssembly, StackCrawlMarkHandle stackMark, Boolean throwOnFileNotFound, ObjectHandleOnStack assemblyLoadContext, ObjectHandleOnStack retAssembly)
   at System.Reflection.RuntimeAssembly.InternalLoad(AssemblyName assemblyName, RuntimeAssembly requestingAssembly, StackCrawlMark& stackMark, Boolean throwOnFileNotFound, AssemblyLoadContext assemblyLoadContext)
   at System.Reflection.Assembly.Load(String assemblyString)
   at NLog.Internal.AssemblyHelpers.LoadFromName(String assemblyName)
   at NLog.Config.LoggingConfigurationParser.ParseExtensionWithAssembly(String assemblyName, String prefix)
   --- End of inner exception stack trace ---
2021-03-06 16:38:15.3222 Info Adding target AsyncTargetWrapper(Name=LogFile)
2021-03-06 16:38:15.3306 Info Adding target AsyncTargetWrapper(Name=ColorConsole)
2021-03-06 16:38:15.3306 Warn Error has been raised. Exception: NLog.NLogConfigurationException: Failed to create target type: Sentry
 ---> System.ArgumentException: Target cannot be found: 'Sentry'
   at NLog.Config.Factory`2.CreateInstance(String itemName)
   at NLog.Config.LoggingConfigurationParser.CreateTargetType(String targetTypeName)
   --- End of inner exception stack trace ---
2021-03-06 16:38:15.3374 Warn Error has been raised. Exception: NLog.NLogConfigurationException: Target 'Sentry' not found for logging rule: *.
2021-03-06 16:38:15.4421 Info Validating config: TargetNames=ColorConsole, LogFile, ConfigItems=37, FilePath=/Users/pasha/Documents/GitHub/PythonGit/PythonProgramming/C#/Task_03/ProductRest/ProductRest/bin/Debug/net5.0/nlog.config
2021-03-06 17:59:02.2579 Info Message Template Auto Format enabled
2021-03-06 17:59:02.2688 Info Loading assembly: NLog.Web.AspNetCore
2021-03-06 17:59:02.2688 Info Loading assembly: NLog.Targets.Sentry
2021-03-06 17:59:02.2717 Warn Error has been raised. Exception: NLog.NLogConfigurationException: Error loading extensions: NLog.Targets.Sentry
 ---> System.IO.FileNotFoundException: Could not load file or assembly 'NLog.Targets.Sentry, Culture=neutral, PublicKeyToken=null'. The system cannot find the file specified.

File name: 'NLog.Targets.Sentry, Culture=neutral, PublicKeyToken=null'
   at System.Reflection.RuntimeAssembly.InternalLoad(ObjectHandleOnStack assemblyName, ObjectHandleOnStack requestingAssembly, StackCrawlMarkHandle stackMark, Boolean throwOnFileNotFound, ObjectHandleOnStack assemblyLoadContext, ObjectHandleOnStack retAssembly)
   at System.Reflection.RuntimeAssembly.InternalLoad(AssemblyName assemblyName, RuntimeAssembly requestingAssembly, StackCrawlMark& stackMark, Boolean throwOnFileNotFound, AssemblyLoadContext assemblyLoadContext)
   at System.Reflection.Assembly.Load(String assemblyString)
   at NLog.Internal.AssemblyHelpers.LoadFromName(String assemblyName)
   at NLog.Config.LoggingConfigurationParser.ParseExtensionWithAssembly(String assemblyName, String prefix)
   --- End of inner exception stack trace ---
2021-03-06 17:59:02.3109 Info Adding target AsyncTargetWrapper(Name=LogFile)
2021-03-06 17:59:02.3166 Info Adding target AsyncTargetWrapper(Name=ColorConsole)
2021-03-06 17:59:02.3166 Warn Error has been raised. Exception: NLog.NLogConfigurationException: Failed to create target type: Sentry
 ---> System.ArgumentException: Target cannot be found: 'Sentry'
   at NLog.Config.Factory`2.CreateInstance(String itemName)
   at NLog.Config.LoggingConfigurationParser.CreateTargetType(String targetTypeName)
   --- End of inner exception stack trace ---
2021-03-06 17:59:02.3220 Warn Error has been raised. Exception: NLog.NLogConfigurationException: Target 'Sentry' not found for logging rule: *.
2021-03-06 17:59:02.3900 Info Validating config: TargetNames=ColorConsole, LogFile, ConfigItems=37, FilePath=/Users/pasha/Documents/GitHub/PythonGit/PythonProgramming/C#/Task_03/ProductRest/ProductRest/bin/Debug/net5.0/NLog.config
2021-03-06 17:59:02.4051 Info Configuration initialized.
2021-03-06 17:59:02.4058 Info NLog, Version=4.0.0.0, Culture=neutral, PublicKeyToken=5120e14c03d0593c. File version: 4.7.8.12686. Product version: 4.7.8+1a738710a3e2974972abafd94d9df40f6b58035f. GlobalAssemblyCache: False
2021-03-06 17:59:03.1930 Info AppDomain Shutting down. Logger closing...
2021-03-06 17:59:03.1991 Info Logger has been shut down.
2021-03-06 17:59:40.2051 Info Message Template Auto Format enabled
2021-03-06 17:59:40.2155 Info Loading assembly: NLog.Web.AspNetCore
2021-03-06 17:59:40.2155 Info Loading assembly: NLog.Targets.Sentry
2021-03-06 17:59:40.2183 Warn Error has been raised. Exception: NLog.NLogConfigurationException: Error loading extensions: NLog.Targets.Sentry
 ---> System.IO.FileNotFoundException: Could not load file or assembly 'NLog.Targets.Sentry, Culture=neutral, PublicKeyToken=null'. The system cannot find the file specified.

File name: 'NLog.Targets.Sentry, Culture=neutral, PublicKeyToken=null'
   at System.Reflection.RuntimeAssembly.InternalLoad(ObjectHandleOnStack assemblyName, ObjectHandleOnStack requestingAssembly, StackCrawlMarkHandle stackMark, Boolean throwOnFileNotFound, ObjectHandleOnStack assemblyLoadContext, ObjectHandleOnStack retAssembly)
   at System.Reflection.RuntimeAssembly.InternalLoad(AssemblyName assemblyName, RuntimeAssembly requestingAssembly, StackCrawlMark& stackMark, Boolean throwOnFileNotFound, AssemblyLoadContext assemblyLoadContext)
   at System.Reflection.Assembly.Load(String assemblyString)
   at NLog.Internal.AssemblyHelpers.LoadFromName(String assemblyName)
   at NLog.Config.LoggingConfigurationParser.ParseExtensionWithAssembly(String assemblyName, String prefix)
   --- End of inner exception stack trace ---
2021-03-06 17:59:40.2579 Info Adding target AsyncTargetWrapper(Name=LogFile)
2021-03-06 17:59:40.2636 Info Adding target AsyncTargetWrapper(Name=ColorConsole)
2021-03-06 17:59:40.2636 Warn Error has been raised. Exception: NLog.NLogConfigurationException: Failed to create target type: Sentry
 ---> System.ArgumentException: Target cannot be found: 'Sentry'
   at NLog.Config.Factory`2.CreateInstance(String itemName)
   at NLog.Config.LoggingConfigurationParser.CreateTargetType(String targetTypeName)
   --- End of inner exception stack trace ---
2021-03-06 17:59:40.2696 Warn Error has been raised. Exception: NLog.NLogConfigurationException: Target 'Sentry' not found for logging rule: *.
2021-03-06 17:59:40.3306 Info Validating config: TargetNames=ColorConsole, LogFile, ConfigItems=37, FilePath=/Users/pasha/Documents/GitHub/PythonGit/PythonProgramming/C#/Task_03/ProductRest/ProductRest/bin/Debug/net5.0/NLog.config
2021-03-06 17:59:40.3453 Info Configuration initialized.
2021-03-06 17:59:40.3453 Info NLog, Version=4.0.0.0, Culture=neutral, PublicKeyToken=5120e14c03d0593c. File version: 4.7.8.12686. Product version: 4.7.8+1a738710a3e2974972abafd94d9df40f6b58035f. GlobalAssemblyCache: False
2021-03-06 17:59:42.8932 Info AppDomain Shutting down. Logger closing...
2021-03-06 17:59:42.9015 Info Logger has been shut down.
