2021-03-05 18:03:22.7216 Info Message Template Auto Format enabled
2021-03-05 18:03:22.7571 Info Loading assembly: NLog.Web.AspNetCore
2021-03-05 18:03:22.7591 Info Loading assembly: NLog.Targets.Sentry
2021-03-05 18:03:22.7679 Warn Error has been raised. Exception: NLog.NLogConfigurationException: Error loading extensions: NLog.Targets.Sentry
 ---> System.IO.FileNotFoundException: Could not load file or assembly 'NLog.Targets.Sentry, Culture=neutral, PublicKeyToken=null'. The system cannot find the file specified.

File name: 'NLog.Targets.Sentry, Culture=neutral, PublicKeyToken=null'
   at System.Reflection.RuntimeAssembly.InternalLoad(ObjectHandleOnStack assemblyName, ObjectHandleOnStack requestingAssembly, StackCrawlMarkHandle stackMark, Boolean throwOnFileNotFound, ObjectHandleOnStack assemblyLoadContext, ObjectHandleOnStack retAssembly)
   at System.Reflection.RuntimeAssembly.InternalLoad(AssemblyName assemblyName, RuntimeAssembly requestingAssembly, StackCrawlMark& stackMark, Boolean throwOnFileNotFound, AssemblyLoadContext assemblyLoadContext)
   at System.Reflection.Assembly.Load(String assemblyString)
   at NLog.Internal.AssemblyHelpers.LoadFromName(String assemblyName)
   at NLog.Config.LoggingConfigurationParser.ParseExtensionWithAssembly(String assemblyName, String prefix)
   --- End of inner exception stack trace ---
2021-03-05 18:03:23.0194 Info Adding target AsyncTargetWrapper(Name=LogFile)
2021-03-05 18:03:23.0453 Info Adding target AsyncTargetWrapper(Name=ColorConsole)
2021-03-05 18:03:23.0453 Warn Error has been raised. Exception: NLog.NLogConfigurationException: Failed to create target type: Sentry
 ---> System.ArgumentException: Target cannot be found: 'Sentry'
   at NLog.Config.Factory`2.CreateInstance(String itemName)
   at NLog.Config.LoggingConfigurationParser.CreateTargetType(String targetTypeName)
   --- End of inner exception stack trace ---
2021-03-05 18:03:23.0559 Warn Error has been raised. Exception: NLog.NLogConfigurationException: Target 'Sentry' not found for logging rule: *.
2021-03-05 18:03:23.4803 Info Validating config: TargetNames=ColorConsole, LogFile, ConfigItems=37, FilePath=/Users/pasha/Documents/GitHub/PythonGit/PythonProgramming/C#/Task_03/ProductRest/ProductRest/bin/Debug/net5.0/nlog.config
2021-03-05 18:37:40.4977 Info Message Template Auto Format enabled
2021-03-05 18:37:40.5225 Info Loading assembly: NLog.Web.AspNetCore
2021-03-05 18:37:40.5233 Info Loading assembly: NLog.Targets.Sentry
2021-03-05 18:37:40.5265 Warn Error has been raised. Exception: NLog.NLogConfigurationException: Error loading extensions: NLog.Targets.Sentry
 ---> System.IO.FileNotFoundException: Could not load file or assembly 'NLog.Targets.Sentry, Culture=neutral, PublicKeyToken=null'. The system cannot find the file specified.

File name: 'NLog.Targets.Sentry, Culture=neutral, PublicKeyToken=null'
   at System.Reflection.RuntimeAssembly.InternalLoad(ObjectHandleOnStack assemblyName, ObjectHandleOnStack requestingAssembly, StackCrawlMarkHandle stackMark, Boolean throwOnFileNotFound, ObjectHandleOnStack assemblyLoadContext, ObjectHandleOnStack retAssembly)
   at System.Reflection.RuntimeAssembly.InternalLoad(AssemblyName assemblyName, RuntimeAssembly requestingAssembly, StackCrawlMark& stackMark, Boolean throwOnFileNotFound, AssemblyLoadContext assemblyLoadContext)
   at System.Reflection.Assembly.Load(String assemblyString)
   at NLog.Internal.AssemblyHelpers.LoadFromName(String assemblyName)
   at NLog.Config.LoggingConfigurationParser.ParseExtensionWithAssembly(String assemblyName, String prefix)
   --- End of inner exception stack trace ---
2021-03-05 18:37:40.6469 Info Adding target AsyncTargetWrapper(Name=LogFile)
2021-03-05 18:37:40.6613 Info Adding target AsyncTargetWrapper(Name=ColorConsole)
2021-03-05 18:37:40.6613 Warn Error has been raised. Exception: NLog.NLogConfigurationException: Failed to create target type: Sentry
 ---> System.ArgumentException: Target cannot be found: 'Sentry'
   at NLog.Config.Factory`2.CreateInstance(String itemName)
   at NLog.Config.LoggingConfigurationParser.CreateTargetType(String targetTypeName)
   --- End of inner exception stack trace ---
2021-03-05 18:37:40.6739 Warn Error has been raised. Exception: NLog.NLogConfigurationException: Target 'Sentry' not found for logging rule: *.
2021-03-05 18:37:40.8256 Info Validating config: TargetNames=ColorConsole, LogFile, ConfigItems=37, FilePath=/Users/pasha/Documents/GitHub/PythonGit/PythonProgramming/C#/Task_03/ProductRest/ProductRest/bin/Debug/net5.0/nlog.config
2021-03-05 18:41:17.2271 Info Message Template Auto Format enabled
2021-03-05 18:41:17.2462 Info Loading assembly: NLog.Web.AspNetCore
2021-03-05 18:41:17.2462 Info Loading assembly: NLog.Targets.Sentry
2021-03-05 18:41:17.2512 Warn Error has been raised. Exception: NLog.NLogConfigurationException: Error loading extensions: NLog.Targets.Sentry
 ---> System.IO.FileNotFoundException: Could not load file or assembly 'NLog.Targets.Sentry, Culture=neutral, PublicKeyToken=null'. The system cannot find the file specified.

File name: 'NLog.Targets.Sentry, Culture=neutral, PublicKeyToken=null'
   at System.Reflection.RuntimeAssembly.InternalLoad(ObjectHandleOnStack assemblyName, ObjectHandleOnStack requestingAssembly, StackCrawlMarkHandle stackMark, Boolean throwOnFileNotFound, ObjectHandleOnStack assemblyLoadContext, ObjectHandleOnStack retAssembly)
   at System.Reflection.RuntimeAssembly.InternalLoad(AssemblyName assemblyName, RuntimeAssembly requestingAssembly, StackCrawlMark& stackMark, Boolean throwOnFileNotFound, AssemblyLoadContext assemblyLoadContext)
   at System.Reflection.Assembly.Load(String assemblyString)
   at NLog.Internal.AssemblyHelpers.LoadFromName(String assemblyName)
   at NLog.Config.LoggingConfigurationParser.ParseExtensionWithAssembly(String assemblyName, String prefix)
   --- End of inner exception stack trace ---
2021-03-05 18:41:17.3399 Info Adding target AsyncTargetWrapper(Name=LogFile)
2021-03-05 18:41:17.3493 Info Adding target AsyncTargetWrapper(Name=ColorConsole)
2021-03-05 18:41:17.3493 Warn Error has been raised. Exception: NLog.NLogConfigurationException: Failed to create target type: Sentry
 ---> System.ArgumentException: Target cannot be found: 'Sentry'
   at NLog.Config.Factory`2.CreateInstance(String itemName)
   at NLog.Config.LoggingConfigurationParser.CreateTargetType(String targetTypeName)
   --- End of inner exception stack trace ---
2021-03-05 18:41:17.3555 Warn Error has been raised. Exception: NLog.NLogConfigurationException: Target 'Sentry' not found for logging rule: *.
2021-03-05 18:41:17.4515 Info Validating config: TargetNames=ColorConsole, LogFile, ConfigItems=37, FilePath=/Users/pasha/Documents/GitHub/PythonGit/PythonProgramming/C#/Task_03/ProductRest/ProductRest/bin/Debug/net5.0/nlog.config
