2021-03-05 15:59:58.4342||DEBUG|ProductRest.Program|init main |url: |action: 
2021-03-05 16:00:38.7348||DEBUG|ProductRest.Program|init main |url: |action: 
2021-03-05 16:00:59.2957||DEBUG|ProductRest.Program|init main |url: |action: 
2021-03-05 16:01:04.9276|13|ERROR|Microsoft.AspNetCore.Server.Kestrel|Connection id "0HM6VRSEQDSJE", Request id "0HM6VRSEQDSJE:00000002": An unhandled exception was thrown by the application. System.ArgumentNullException: Value cannot be null. (Parameter 'logger')
   at Microsoft.Extensions.Logging.LoggerExtensions.Log(ILogger logger, LogLevel logLevel, EventId eventId, Exception exception, String message, Object[] args)
   at Microsoft.Extensions.Logging.LoggerExtensions.LogError(ILogger logger, String message, Object[] args)
   at ProductRest.Controllers.ProductController.GetProducts() in /Users/pasha/Documents/GitHub/PythonGit/PythonProgramming/C#/Task_03/ProductRest/ProductRest/Controllers/ProductController.cs:line 39
   at lambda_method4(Closure , Object )
   at Microsoft.AspNetCore.Mvc.Infrastructure.ActionMethodExecutor.AwaitableObjectResultExecutor.Execute(IActionResultTypeMapper mapper, ObjectMethodExecutor executor, Object controller, Object[] arguments)
   at Microsoft.AspNetCore.Mvc.Infrastructure.ControllerActionInvoker.<InvokeActionMethodAsync>g__Awaited|12_0(ControllerActionInvoker invoker, ValueTask`1 actionResultValueTask)
   at Microsoft.AspNetCore.Mvc.Infrastructure.ControllerActionInvoker.<InvokeNextActionFilterAsync>g__Awaited|10_0(ControllerActionInvoker invoker, Task lastTask, State next, Scope scope, Object state, Boolean isCompleted)
   at Microsoft.AspNetCore.Mvc.Infrastructure.ControllerActionInvoker.Rethrow(ActionExecutedContextSealed context)
   at Microsoft.AspNetCore.Mvc.Infrastructure.ControllerActionInvoker.Next(State& next, Scope& scope, Object& state, Boolean& isCompleted)
   at Microsoft.AspNetCore.Mvc.Infrastructure.ControllerActionInvoker.<InvokeInnerFilterAsync>g__Awaited|13_0(ControllerActionInvoker invoker, Task lastTask, State next, Scope scope, Object state, Boolean isCompleted)
   at Microsoft.AspNetCore.Mvc.Infrastructure.ResourceInvoker.<InvokeFilterPipelineAsync>g__Awaited|19_0(ResourceInvoker invoker, Task lastTask, State next, Scope scope, Object state, Boolean isCompleted)
   at Microsoft.AspNetCore.Mvc.Infrastructure.ResourceInvoker.<InvokeAsync>g__Awaited|17_0(ResourceInvoker invoker, Task task, IDisposable scope)
   at Microsoft.AspNetCore.Routing.EndpointMiddleware.<Invoke>g__AwaitRequestTask|6_0(Endpoint endpoint, Task requestTask, ILogger logger)
   at Microsoft.AspNetCore.Authorization.AuthorizationMiddleware.Invoke(HttpContext context)
   at Microsoft.AspNetCore.Server.Kestrel.Core.Internal.Http.HttpProtocol.ProcessRequests[TContext](IHttpApplication`1 application)|url: https://localhost/products|action: GetProducts
2021-03-05 16:03:09.5080||DEBUG|ProductRest.Program|init main |url: |action: 
2021-03-05 16:03:14.7281||INFO|ProductRest.Controllers.ProductController|Returned all products. |url: https://localhost/products|action: GetProducts
2021-03-05 16:03:28.3082||INFO|ProductRest.Controllers.ProductController|Returned all products. |url: https://localhost/products|action: GetProducts
2021-03-05 16:04:30.7648||DEBUG|ProductRest.Program|init main |url: |action: 
2021-03-05 16:05:24.1546||DEBUG|ProductRest.Program|init main |url: |action: 
2021-03-05 16:05:30.8670|1|DEBUG|ProductRest.Controllers.ProductController|NLog injected into HomeController |url: https://localhost/products|action: GetProducts
2021-03-05 16:05:31.1800||INFO|ProductRest.Controllers.ProductController|Returned all products. |url: https://localhost/products|action: GetProducts
