2021-03-15 11:41:34.5185 | ERROR | Something went wrong inside GetProducts action: A timeout occurred after 30000ms selecting a server using CompositeServerSelector{ Selectors = MongoDB.Driver.MongoClient+AreSessionsSupportedServerSelector, LatencyLimitingServerSelector{ AllowedLatencyRange = 00:00:00.0150000 } }. Client view of cluster state is { ClusterId : "1", Type : "Unknown", State : "Disconnected", Servers : [{ ServerId: "{ ClusterId : 1, EndPoint : "Unspecified/localhost:27017" }", EndPoint: "Unspecified/localhost:27017", ReasonChanged: "Heartbeat", State: "Disconnected", ServerVersion: , TopologyVersion: , Type: "Unknown", HeartbeatException: "MongoDB.Driver.MongoConnectionException: An exception occurred while opening a connection to the server.
 ---> System.Net.Sockets.SocketException (61): Connection refused
   at System.Net.Sockets.Socket.AwaitableSocketAsyncEventArgs.ThrowException(SocketError error, CancellationToken cancellationToken)
   at System.Net.Sockets.Socket.AwaitableSocketAsyncEventArgs.System.Threading.Tasks.Sources.IValueTaskSource.GetResult(Int16 token)
   at System.Threading.Tasks.ValueTask.ValueTaskSourceAsTask.<>c.<.cctor>b__4_0(Object state)
--- End of stack trace from previous location ---
   at MongoDB.Driver.Core.Connections.TcpStreamFactory.ConnectAsync(Socket socket, EndPoint endPoint, CancellationToken cancellationToken)
   at MongoDB.Driver.Core.Connections.TcpStreamFactory.CreateStreamAsync(EndPoint endPoint, CancellationToken cancellationToken)
   at MongoDB.Driver.Core.Connections.BinaryConnection.OpenHelperAsync(CancellationToken cancellationToken)
   --- End of inner exception stack trace ---
   at MongoDB.Driver.Core.Connections.BinaryConnection.OpenHelperAsync(CancellationToken cancellationToken)
   at MongoDB.Driver.Core.Servers.ServerMonitor.InitializeConnectionAsync(CancellationToken cancellationToken)
   at MongoDB.Driver.Core.Servers.ServerMonitor.HeartbeatAsync(CancellationToken cancellationToken)", LastHeartbeatTimestamp: "2021-03-15T09:41:34.3511700Z", LastUpdateTimestamp: "2021-03-15T09:41:34.3511700Z" }] }. |  | ProductRest.Controllers.ProductController | url: https://localhost/api/v1/products | action: GetProducts
2021-03-15 11:42:02.2013 | ERROR | Health check mongodb completed after 3009.5381ms with status Unhealthy and description '(null)' | System.OperationCanceledException: The operation was canceled.
   at System.Threading.CancellationToken.ThrowOperationCanceledException()
   at MongoDB.Driver.Core.Clusters.Cluster.WaitForDescriptionChangedHelper.HandleCompletedTask(Task completedTask)
   at MongoDB.Driver.Core.Clusters.Cluster.WaitForDescriptionChangedAsync(IServerSelector selector, ClusterDescription description, Task descriptionChangedTask, TimeSpan timeout, CancellationToken cancellationToken)
   at MongoDB.Driver.Core.Clusters.Cluster.SelectServerAsync(IServerSelector selector, CancellationToken cancellationToken)
   at MongoDB.Driver.MongoClient.AreSessionsSupportedAfterSeverSelctionAsync(CancellationToken cancellationToken)
   at MongoDB.Driver.MongoClient.AreSessionsSupportedAsync(CancellationToken cancellationToken)
   at MongoDB.Driver.MongoClient.StartImplicitSessionAsync(CancellationToken cancellationToken)
   at MongoDB.Driver.MongoClient.UsingImplicitSessionAsync[TResult](Func`2 funcAsync, CancellationToken cancellationToken)
   at HealthChecks.MongoDb.MongoDbHealthCheck.CheckHealthAsync(HealthCheckContext context, CancellationToken cancellationToken) | Microsoft.Extensions.Diagnostics.HealthChecks.DefaultHealthCheckService | url: https://localhost/health/ready | action: 
