2021-03-06 13:25:35.3837 | WARN | As of "00:00:01.0765380", the heartbeat has been running for "00:00:01" which is longer than "03/06/2021 11:25:24 +00:00". This could be caused by thread pool starvation. |  | Microsoft.AspNetCore.Server.Kestrel | url:  | action: 
2021-03-06 13:26:55.5467 | ERROR | Health check mongodb completed after 3074.9934ms with status Unhealthy and description '(null)' | System.OperationCanceledException: The operation was canceled.
   at System.Threading.CancellationToken.ThrowOperationCanceledException()
   at System.Threading.CancellationToken.ThrowIfCancellationRequested()
   at MongoDB.Driver.Core.Clusters.Cluster.WaitForDescriptionChangedHelper.HandleCompletedTask(Task completedTask)
   at MongoDB.Driver.Core.Clusters.Cluster.WaitForDescriptionChangedAsync(IServerSelector selector, ClusterDescription description, Task descriptionChangedTask, TimeSpan timeout, CancellationToken cancellationToken)
   at MongoDB.Driver.Core.Clusters.Cluster.SelectServerAsync(IServerSelector selector, CancellationToken cancellationToken)
   at MongoDB.Driver.MongoClient.AreSessionsSupportedAfterSeverSelctionAsync(CancellationToken cancellationToken)
   at MongoDB.Driver.MongoClient.AreSessionsSupportedAsync(CancellationToken cancellationToken)
   at MongoDB.Driver.MongoClient.StartImplicitSessionAsync(CancellationToken cancellationToken)
   at MongoDB.Driver.MongoClient.UsingImplicitSessionAsync[TResult](Func`2 funcAsync, CancellationToken cancellationToken)
   at HealthChecks.MongoDb.MongoDbHealthCheck.CheckHealthAsync(HealthCheckContext context, CancellationToken cancellationToken) | Microsoft.Extensions.Diagnostics.HealthChecks.DefaultHealthCheckService | url: https://localhost/health/ready | action: 
2021-03-06 13:30:03.0232 | ERROR | Health check mongodb completed after 3019.0093ms with status Unhealthy and description '(null)' | System.OperationCanceledException: The operation was canceled.
   at System.Threading.CancellationToken.ThrowOperationCanceledException()
   at System.Threading.CancellationToken.ThrowIfCancellationRequested()
   at MongoDB.Driver.Core.Clusters.Cluster.WaitForDescriptionChangedHelper.HandleCompletedTask(Task completedTask)
   at MongoDB.Driver.Core.Clusters.Cluster.WaitForDescriptionChangedAsync(IServerSelector selector, ClusterDescription description, Task descriptionChangedTask, TimeSpan timeout, CancellationToken cancellationToken)
   at MongoDB.Driver.Core.Clusters.Cluster.SelectServerAsync(IServerSelector selector, CancellationToken cancellationToken)
   at MongoDB.Driver.MongoClient.AreSessionsSupportedAfterSeverSelctionAsync(CancellationToken cancellationToken)
   at MongoDB.Driver.MongoClient.AreSessionsSupportedAsync(CancellationToken cancellationToken)
   at MongoDB.Driver.MongoClient.StartImplicitSessionAsync(CancellationToken cancellationToken)
   at MongoDB.Driver.MongoClient.UsingImplicitSessionAsync[TResult](Func`2 funcAsync, CancellationToken cancellationToken)
   at HealthChecks.MongoDb.MongoDbHealthCheck.CheckHealthAsync(HealthCheckContext context, CancellationToken cancellationToken) | Microsoft.Extensions.Diagnostics.HealthChecks.DefaultHealthCheckService | url: https://localhost/health/ready | action: 
