2021-03-13 14:22:34.2942 Info Message Template Auto Format enabled
2021-03-13 14:22:34.3414 Info Loading assembly: NLog.Web.AspNetCore
2021-03-13 14:22:34.3428 Info Loading assembly: NLog.Targets.Sentry
2021-03-13 14:22:34.3466 Warn Error has been raised. Exception: NLog.NLogConfigurationException: Error loading extensions: NLog.Targets.Sentry
 ---> System.IO.FileNotFoundException: Could not load file or assembly 'NLog.Targets.Sentry, Culture=neutral, PublicKeyToken=null'. The system cannot find the file specified.

File name: 'NLog.Targets.Sentry, Culture=neutral, PublicKeyToken=null'
   at System.Reflection.RuntimeAssembly.InternalLoad(ObjectHandleOnStack assemblyName, ObjectHandleOnStack requestingAssembly, StackCrawlMarkHandle stackMark, Boolean throwOnFileNotFound, ObjectHandleOnStack assemblyLoadContext, ObjectHandleOnStack retAssembly)
   at System.Reflection.RuntimeAssembly.InternalLoad(AssemblyName assemblyName, RuntimeAssembly requestingAssembly, StackCrawlMark& stackMark, Boolean throwOnFileNotFound, AssemblyLoadContext assemblyLoadContext)
   at System.Reflection.Assembly.Load(String assemblyString)
   at NLog.Internal.AssemblyHelpers.LoadFromName(String assemblyName)
   at NLog.Config.LoggingConfigurationParser.ParseExtensionWithAssembly(String assemblyName, String prefix)
   --- End of inner exception stack trace ---
2021-03-13 14:22:34.4501 Info Adding target AsyncTargetWrapper(Name=LogFile)
2021-03-13 14:22:34.4656 Info Adding target AsyncTargetWrapper(Name=ColorConsole)
2021-03-13 14:22:34.4656 Warn Error has been raised. Exception: NLog.NLogConfigurationException: Failed to create target type: Sentry
 ---> System.ArgumentException: Target cannot be found: 'Sentry'
   at NLog.Config.Factory`2.CreateInstance(String itemName)
   at NLog.Config.LoggingConfigurationParser.CreateTargetType(String targetTypeName)
   --- End of inner exception stack trace ---
2021-03-13 14:22:34.4757 Warn Error has been raised. Exception: NLog.NLogConfigurationException: Target 'Sentry' not found for logging rule: *.
2021-03-13 14:22:34.5547 Info Validating config: TargetNames=ColorConsole, LogFile, ConfigItems=37, FilePath=/Users/pasha/Documents/GitHub/PythonGit/LNUStudy/C#/Task_04/ProductRest/ProductRest/bin/Debug/net5.0/logs/nlog.config
2021-03-13 14:54:04.0170 Info Message Template Auto Format enabled
2021-03-13 14:54:04.0423 Info Loading assembly: NLog.Web.AspNetCore
2021-03-13 14:54:04.0431 Info Loading assembly: NLog.Targets.Sentry
2021-03-13 14:54:04.0463 Warn Error has been raised. Exception: NLog.NLogConfigurationException: Error loading extensions: NLog.Targets.Sentry
 ---> System.IO.FileNotFoundException: Could not load file or assembly 'NLog.Targets.Sentry, Culture=neutral, PublicKeyToken=null'. The system cannot find the file specified.

File name: 'NLog.Targets.Sentry, Culture=neutral, PublicKeyToken=null'
   at System.Reflection.RuntimeAssembly.InternalLoad(ObjectHandleOnStack assemblyName, ObjectHandleOnStack requestingAssembly, StackCrawlMarkHandle stackMark, Boolean throwOnFileNotFound, ObjectHandleOnStack assemblyLoadContext, ObjectHandleOnStack retAssembly)
   at System.Reflection.RuntimeAssembly.InternalLoad(AssemblyName assemblyName, RuntimeAssembly requestingAssembly, StackCrawlMark& stackMark, Boolean throwOnFileNotFound, AssemblyLoadContext assemblyLoadContext)
   at System.Reflection.Assembly.Load(String assemblyString)
   at NLog.Internal.AssemblyHelpers.LoadFromName(String assemblyName)
   at NLog.Config.LoggingConfigurationParser.ParseExtensionWithAssembly(String assemblyName, String prefix)
   --- End of inner exception stack trace ---
2021-03-13 14:54:04.1528 Info Adding target AsyncTargetWrapper(Name=LogFile)
2021-03-13 14:54:04.1705 Info Adding target AsyncTargetWrapper(Name=ColorConsole)
2021-03-13 14:54:04.1709 Warn Error has been raised. Exception: NLog.NLogConfigurationException: Failed to create target type: Sentry
 ---> System.ArgumentException: Target cannot be found: 'Sentry'
   at NLog.Config.Factory`2.CreateInstance(String itemName)
   at NLog.Config.LoggingConfigurationParser.CreateTargetType(String targetTypeName)
   --- End of inner exception stack trace ---
2021-03-13 14:54:04.1772 Warn Error has been raised. Exception: NLog.NLogConfigurationException: Target 'Sentry' not found for logging rule: *.
2021-03-13 14:54:04.2744 Info Validating config: TargetNames=ColorConsole, LogFile, ConfigItems=37, FilePath=/Users/pasha/Documents/GitHub/PythonGit/LNUStudy/C#/Task_04/ProductRest/ProductRest/bin/Debug/net5.0/logs/nlog.config
2021-03-13 15:06:22.5611 Info Message Template Auto Format enabled
2021-03-13 15:06:22.5864 Info Loading assembly: NLog.Web.AspNetCore
2021-03-13 15:06:22.5875 Info Loading assembly: NLog.Targets.Sentry
2021-03-13 15:06:22.5911 Warn Error has been raised. Exception: NLog.NLogConfigurationException: Error loading extensions: NLog.Targets.Sentry
 ---> System.IO.FileNotFoundException: Could not load file or assembly 'NLog.Targets.Sentry, Culture=neutral, PublicKeyToken=null'. The system cannot find the file specified.

File name: 'NLog.Targets.Sentry, Culture=neutral, PublicKeyToken=null'
   at System.Reflection.RuntimeAssembly.InternalLoad(ObjectHandleOnStack assemblyName, ObjectHandleOnStack requestingAssembly, StackCrawlMarkHandle stackMark, Boolean throwOnFileNotFound, ObjectHandleOnStack assemblyLoadContext, ObjectHandleOnStack retAssembly)
   at System.Reflection.RuntimeAssembly.InternalLoad(AssemblyName assemblyName, RuntimeAssembly requestingAssembly, StackCrawlMark& stackMark, Boolean throwOnFileNotFound, AssemblyLoadContext assemblyLoadContext)
   at System.Reflection.Assembly.Load(String assemblyString)
   at NLog.Internal.AssemblyHelpers.LoadFromName(String assemblyName)
   at NLog.Config.LoggingConfigurationParser.ParseExtensionWithAssembly(String assemblyName, String prefix)
   --- End of inner exception stack trace ---
2021-03-13 15:06:22.6716 Info Adding target AsyncTargetWrapper(Name=LogFile)
2021-03-13 15:06:22.6840 Info Adding target AsyncTargetWrapper(Name=ColorConsole)
2021-03-13 15:06:22.6840 Warn Error has been raised. Exception: NLog.NLogConfigurationException: Failed to create target type: Sentry
 ---> System.ArgumentException: Target cannot be found: 'Sentry'
   at NLog.Config.Factory`2.CreateInstance(String itemName)
   at NLog.Config.LoggingConfigurationParser.CreateTargetType(String targetTypeName)
   --- End of inner exception stack trace ---
2021-03-13 15:06:22.6928 Warn Error has been raised. Exception: NLog.NLogConfigurationException: Target 'Sentry' not found for logging rule: *.
2021-03-13 15:06:22.7818 Info Validating config: TargetNames=ColorConsole, LogFile, ConfigItems=37, FilePath=/Users/pasha/Documents/GitHub/PythonGit/LNUStudy/C#/Task_04/ProductRest/ProductRest/bin/Debug/net5.0/logs/nlog.config
2021-03-13 15:09:49.7988 Info Message Template Auto Format enabled
2021-03-13 15:09:49.8293 Info Loading assembly: NLog.Web.AspNetCore
2021-03-13 15:09:49.8293 Info Loading assembly: NLog.Targets.Sentry
2021-03-13 15:09:49.8323 Warn Error has been raised. Exception: NLog.NLogConfigurationException: Error loading extensions: NLog.Targets.Sentry
 ---> System.IO.FileNotFoundException: Could not load file or assembly 'NLog.Targets.Sentry, Culture=neutral, PublicKeyToken=null'. The system cannot find the file specified.

File name: 'NLog.Targets.Sentry, Culture=neutral, PublicKeyToken=null'
   at System.Reflection.RuntimeAssembly.InternalLoad(ObjectHandleOnStack assemblyName, ObjectHandleOnStack requestingAssembly, StackCrawlMarkHandle stackMark, Boolean throwOnFileNotFound, ObjectHandleOnStack assemblyLoadContext, ObjectHandleOnStack retAssembly)
   at System.Reflection.RuntimeAssembly.InternalLoad(AssemblyName assemblyName, RuntimeAssembly requestingAssembly, StackCrawlMark& stackMark, Boolean throwOnFileNotFound, AssemblyLoadContext assemblyLoadContext)
   at System.Reflection.Assembly.Load(String assemblyString)
   at NLog.Internal.AssemblyHelpers.LoadFromName(String assemblyName)
   at NLog.Config.LoggingConfigurationParser.ParseExtensionWithAssembly(String assemblyName, String prefix)
   --- End of inner exception stack trace ---
2021-03-13 15:09:49.9068 Info Adding target AsyncTargetWrapper(Name=LogFile)
2021-03-13 15:09:49.9225 Info Adding target AsyncTargetWrapper(Name=ColorConsole)
2021-03-13 15:09:49.9225 Warn Error has been raised. Exception: NLog.NLogConfigurationException: Failed to create target type: Sentry
 ---> System.ArgumentException: Target cannot be found: 'Sentry'
   at NLog.Config.Factory`2.CreateInstance(String itemName)
   at NLog.Config.LoggingConfigurationParser.CreateTargetType(String targetTypeName)
   --- End of inner exception stack trace ---
2021-03-13 15:09:49.9363 Warn Error has been raised. Exception: NLog.NLogConfigurationException: Target 'Sentry' not found for logging rule: *.
2021-03-13 15:09:50.0296 Info Validating config: TargetNames=ColorConsole, LogFile, ConfigItems=37, FilePath=/Users/pasha/Documents/GitHub/PythonGit/LNUStudy/C#/Task_04/ProductRest/ProductRest/bin/Debug/net5.0/logs/nlog.config
2021-03-13 15:11:08.2110 Info Message Template Auto Format enabled
2021-03-13 15:11:08.2306 Info Loading assembly: NLog.Web.AspNetCore
2021-03-13 15:11:08.2314 Info Loading assembly: NLog.Targets.Sentry
2021-03-13 15:11:08.2339 Warn Error has been raised. Exception: NLog.NLogConfigurationException: Error loading extensions: NLog.Targets.Sentry
 ---> System.IO.FileNotFoundException: Could not load file or assembly 'NLog.Targets.Sentry, Culture=neutral, PublicKeyToken=null'. The system cannot find the file specified.

File name: 'NLog.Targets.Sentry, Culture=neutral, PublicKeyToken=null'
   at System.Reflection.RuntimeAssembly.InternalLoad(ObjectHandleOnStack assemblyName, ObjectHandleOnStack requestingAssembly, StackCrawlMarkHandle stackMark, Boolean throwOnFileNotFound, ObjectHandleOnStack assemblyLoadContext, ObjectHandleOnStack retAssembly)
   at System.Reflection.RuntimeAssembly.InternalLoad(AssemblyName assemblyName, RuntimeAssembly requestingAssembly, StackCrawlMark& stackMark, Boolean throwOnFileNotFound, AssemblyLoadContext assemblyLoadContext)
   at System.Reflection.Assembly.Load(String assemblyString)
   at NLog.Internal.AssemblyHelpers.LoadFromName(String assemblyName)
   at NLog.Config.LoggingConfigurationParser.ParseExtensionWithAssembly(String assemblyName, String prefix)
   --- End of inner exception stack trace ---
2021-03-13 15:11:08.3123 Info Adding target AsyncTargetWrapper(Name=LogFile)
2021-03-13 15:11:08.3222 Info Adding target AsyncTargetWrapper(Name=ColorConsole)
2021-03-13 15:11:08.3222 Warn Error has been raised. Exception: NLog.NLogConfigurationException: Failed to create target type: Sentry
 ---> System.ArgumentException: Target cannot be found: 'Sentry'
   at NLog.Config.Factory`2.CreateInstance(String itemName)
   at NLog.Config.LoggingConfigurationParser.CreateTargetType(String targetTypeName)
   --- End of inner exception stack trace ---
2021-03-13 15:11:08.3313 Warn Error has been raised. Exception: NLog.NLogConfigurationException: Target 'Sentry' not found for logging rule: *.
2021-03-13 15:11:08.4180 Info Validating config: TargetNames=ColorConsole, LogFile, ConfigItems=37, FilePath=/Users/pasha/Documents/GitHub/PythonGit/LNUStudy/C#/Task_04/ProductRest/ProductRest/bin/Debug/net5.0/logs/nlog.config
2021-03-13 15:12:10.9345 Info Message Template Auto Format enabled
2021-03-13 15:12:10.9524 Info Loading assembly: NLog.Web.AspNetCore
2021-03-13 15:12:10.9531 Info Loading assembly: NLog.Targets.Sentry
2021-03-13 15:12:10.9556 Warn Error has been raised. Exception: NLog.NLogConfigurationException: Error loading extensions: NLog.Targets.Sentry
 ---> System.IO.FileNotFoundException: Could not load file or assembly 'NLog.Targets.Sentry, Culture=neutral, PublicKeyToken=null'. The system cannot find the file specified.

File name: 'NLog.Targets.Sentry, Culture=neutral, PublicKeyToken=null'
   at System.Reflection.RuntimeAssembly.InternalLoad(ObjectHandleOnStack assemblyName, ObjectHandleOnStack requestingAssembly, StackCrawlMarkHandle stackMark, Boolean throwOnFileNotFound, ObjectHandleOnStack assemblyLoadContext, ObjectHandleOnStack retAssembly)
   at System.Reflection.RuntimeAssembly.InternalLoad(AssemblyName assemblyName, RuntimeAssembly requestingAssembly, StackCrawlMark& stackMark, Boolean throwOnFileNotFound, AssemblyLoadContext assemblyLoadContext)
   at System.Reflection.Assembly.Load(String assemblyString)
   at NLog.Internal.AssemblyHelpers.LoadFromName(String assemblyName)
   at NLog.Config.LoggingConfigurationParser.ParseExtensionWithAssembly(String assemblyName, String prefix)
   --- End of inner exception stack trace ---
2021-03-13 15:12:11.0372 Info Adding target AsyncTargetWrapper(Name=LogFile)
2021-03-13 15:12:11.0490 Info Adding target AsyncTargetWrapper(Name=ColorConsole)
2021-03-13 15:12:11.0490 Warn Error has been raised. Exception: NLog.NLogConfigurationException: Failed to create target type: Sentry
 ---> System.ArgumentException: Target cannot be found: 'Sentry'
   at NLog.Config.Factory`2.CreateInstance(String itemName)
   at NLog.Config.LoggingConfigurationParser.CreateTargetType(String targetTypeName)
   --- End of inner exception stack trace ---
2021-03-13 15:12:11.0596 Warn Error has been raised. Exception: NLog.NLogConfigurationException: Target 'Sentry' not found for logging rule: *.
2021-03-13 15:12:11.1374 Info Validating config: TargetNames=ColorConsole, LogFile, ConfigItems=37, FilePath=/Users/pasha/Documents/GitHub/PythonGit/LNUStudy/C#/Task_04/ProductRest/ProductRest/bin/Debug/net5.0/logs/nlog.config
2021-03-13 15:15:05.8344 Info Message Template Auto Format enabled
2021-03-13 15:15:05.8473 Info Loading assembly: NLog.Web.AspNetCore
2021-03-13 15:15:05.8473 Info Loading assembly: NLog.Targets.Sentry
2021-03-13 15:15:05.8498 Warn Error has been raised. Exception: NLog.NLogConfigurationException: Error loading extensions: NLog.Targets.Sentry
 ---> System.IO.FileNotFoundException: Could not load file or assembly 'NLog.Targets.Sentry, Culture=neutral, PublicKeyToken=null'. The system cannot find the file specified.

File name: 'NLog.Targets.Sentry, Culture=neutral, PublicKeyToken=null'
   at System.Reflection.RuntimeAssembly.InternalLoad(ObjectHandleOnStack assemblyName, ObjectHandleOnStack requestingAssembly, StackCrawlMarkHandle stackMark, Boolean throwOnFileNotFound, ObjectHandleOnStack assemblyLoadContext, ObjectHandleOnStack retAssembly)
   at System.Reflection.RuntimeAssembly.InternalLoad(AssemblyName assemblyName, RuntimeAssembly requestingAssembly, StackCrawlMark& stackMark, Boolean throwOnFileNotFound, AssemblyLoadContext assemblyLoadContext)
   at System.Reflection.Assembly.Load(String assemblyString)
   at NLog.Internal.AssemblyHelpers.LoadFromName(String assemblyName)
   at NLog.Config.LoggingConfigurationParser.ParseExtensionWithAssembly(String assemblyName, String prefix)
   --- End of inner exception stack trace ---
2021-03-13 15:15:05.9170 Info Adding target AsyncTargetWrapper(Name=LogFile)
2021-03-13 15:15:05.9309 Info Adding target AsyncTargetWrapper(Name=ColorConsole)
2021-03-13 15:15:05.9314 Warn Error has been raised. Exception: NLog.NLogConfigurationException: Failed to create target type: Sentry
 ---> System.ArgumentException: Target cannot be found: 'Sentry'
   at NLog.Config.Factory`2.CreateInstance(String itemName)
   at NLog.Config.LoggingConfigurationParser.CreateTargetType(String targetTypeName)
   --- End of inner exception stack trace ---
2021-03-13 15:15:05.9388 Warn Error has been raised. Exception: NLog.NLogConfigurationException: Target 'Sentry' not found for logging rule: *.
2021-03-13 15:15:05.9931 Info Validating config: TargetNames=ColorConsole, LogFile, ConfigItems=37, FilePath=/Users/pasha/Documents/GitHub/PythonGit/LNUStudy/C#/Task_04/ProductRest/ProductRest/bin/Debug/net5.0/logs/nlog.config
2021-03-13 15:16:21.4556 Info Message Template Auto Format enabled
2021-03-13 15:16:21.4957 Info Loading assembly: NLog.Web.AspNetCore
2021-03-13 15:16:21.4975 Info Loading assembly: NLog.Targets.Sentry
2021-03-13 15:16:21.5020 Warn Error has been raised. Exception: NLog.NLogConfigurationException: Error loading extensions: NLog.Targets.Sentry
 ---> System.IO.FileNotFoundException: Could not load file or assembly 'NLog.Targets.Sentry, Culture=neutral, PublicKeyToken=null'. The system cannot find the file specified.

File name: 'NLog.Targets.Sentry, Culture=neutral, PublicKeyToken=null'
   at System.Reflection.RuntimeAssembly.InternalLoad(ObjectHandleOnStack assemblyName, ObjectHandleOnStack requestingAssembly, StackCrawlMarkHandle stackMark, Boolean throwOnFileNotFound, ObjectHandleOnStack assemblyLoadContext, ObjectHandleOnStack retAssembly)
   at System.Reflection.RuntimeAssembly.InternalLoad(AssemblyName assemblyName, RuntimeAssembly requestingAssembly, StackCrawlMark& stackMark, Boolean throwOnFileNotFound, AssemblyLoadContext assemblyLoadContext)
   at System.Reflection.Assembly.Load(String assemblyString)
   at NLog.Internal.AssemblyHelpers.LoadFromName(String assemblyName)
   at NLog.Config.LoggingConfigurationParser.ParseExtensionWithAssembly(String assemblyName, String prefix)
   --- End of inner exception stack trace ---
2021-03-13 15:16:21.6947 Info Adding target AsyncTargetWrapper(Name=LogFile)
2021-03-13 15:16:21.7209 Info Adding target AsyncTargetWrapper(Name=ColorConsole)
2021-03-13 15:16:21.7214 Warn Error has been raised. Exception: NLog.NLogConfigurationException: Failed to create target type: Sentry
 ---> System.ArgumentException: Target cannot be found: 'Sentry'
   at NLog.Config.Factory`2.CreateInstance(String itemName)
   at NLog.Config.LoggingConfigurationParser.CreateTargetType(String targetTypeName)
   --- End of inner exception stack trace ---
2021-03-13 15:16:21.7331 Warn Error has been raised. Exception: NLog.NLogConfigurationException: Target 'Sentry' not found for logging rule: *.
2021-03-13 15:16:21.8996 Info Validating config: TargetNames=ColorConsole, LogFile, ConfigItems=37, FilePath=/Users/pasha/Documents/GitHub/PythonGit/LNUStudy/C#/Task_04/ProductRest/ProductRest/bin/Debug/net5.0/logs/nlog.config
2021-03-13 15:17:08.0349 Info Message Template Auto Format enabled
2021-03-13 15:17:08.0554 Info Loading assembly: NLog.Web.AspNetCore
2021-03-13 15:17:08.0563 Info Loading assembly: NLog.Targets.Sentry
2021-03-13 15:17:08.0598 Warn Error has been raised. Exception: NLog.NLogConfigurationException: Error loading extensions: NLog.Targets.Sentry
 ---> System.IO.FileNotFoundException: Could not load file or assembly 'NLog.Targets.Sentry, Culture=neutral, PublicKeyToken=null'. The system cannot find the file specified.

File name: 'NLog.Targets.Sentry, Culture=neutral, PublicKeyToken=null'
   at System.Reflection.RuntimeAssembly.InternalLoad(ObjectHandleOnStack assemblyName, ObjectHandleOnStack requestingAssembly, StackCrawlMarkHandle stackMark, Boolean throwOnFileNotFound, ObjectHandleOnStack assemblyLoadContext, ObjectHandleOnStack retAssembly)
   at System.Reflection.RuntimeAssembly.InternalLoad(AssemblyName assemblyName, RuntimeAssembly requestingAssembly, StackCrawlMark& stackMark, Boolean throwOnFileNotFound, AssemblyLoadContext assemblyLoadContext)
   at System.Reflection.Assembly.Load(String assemblyString)
   at NLog.Internal.AssemblyHelpers.LoadFromName(String assemblyName)
   at NLog.Config.LoggingConfigurationParser.ParseExtensionWithAssembly(String assemblyName, String prefix)
   --- End of inner exception stack trace ---
2021-03-13 15:17:08.1390 Info Adding target AsyncTargetWrapper(Name=LogFile)
2021-03-13 15:17:08.1509 Info Adding target AsyncTargetWrapper(Name=ColorConsole)
2021-03-13 15:17:08.1517 Warn Error has been raised. Exception: NLog.NLogConfigurationException: Failed to create target type: Sentry
 ---> System.ArgumentException: Target cannot be found: 'Sentry'
   at NLog.Config.Factory`2.CreateInstance(String itemName)
   at NLog.Config.LoggingConfigurationParser.CreateTargetType(String targetTypeName)
   --- End of inner exception stack trace ---
2021-03-13 15:17:08.1626 Warn Error has been raised. Exception: NLog.NLogConfigurationException: Target 'Sentry' not found for logging rule: *.
2021-03-13 15:17:08.2522 Info Validating config: TargetNames=ColorConsole, LogFile, ConfigItems=37, FilePath=/Users/pasha/Documents/GitHub/PythonGit/LNUStudy/C#/Task_04/ProductRest/ProductRest/bin/Debug/net5.0/logs/nlog.config
2021-03-13 15:28:07.7499 Info Message Template Auto Format enabled
2021-03-13 15:28:07.7725 Info Loading assembly: NLog.Web.AspNetCore
2021-03-13 15:28:07.7733 Info Loading assembly: NLog.Targets.Sentry
2021-03-13 15:28:07.7764 Warn Error has been raised. Exception: NLog.NLogConfigurationException: Error loading extensions: NLog.Targets.Sentry
 ---> System.IO.FileNotFoundException: Could not load file or assembly 'NLog.Targets.Sentry, Culture=neutral, PublicKeyToken=null'. The system cannot find the file specified.

File name: 'NLog.Targets.Sentry, Culture=neutral, PublicKeyToken=null'
   at System.Reflection.RuntimeAssembly.InternalLoad(ObjectHandleOnStack assemblyName, ObjectHandleOnStack requestingAssembly, StackCrawlMarkHandle stackMark, Boolean throwOnFileNotFound, ObjectHandleOnStack assemblyLoadContext, ObjectHandleOnStack retAssembly)
   at System.Reflection.RuntimeAssembly.InternalLoad(AssemblyName assemblyName, RuntimeAssembly requestingAssembly, StackCrawlMark& stackMark, Boolean throwOnFileNotFound, AssemblyLoadContext assemblyLoadContext)
   at System.Reflection.Assembly.Load(String assemblyString)
   at NLog.Internal.AssemblyHelpers.LoadFromName(String assemblyName)
   at NLog.Config.LoggingConfigurationParser.ParseExtensionWithAssembly(String assemblyName, String prefix)
   --- End of inner exception stack trace ---
2021-03-13 15:28:07.8481 Info Adding target AsyncTargetWrapper(Name=LogFile)
2021-03-13 15:28:07.8592 Info Adding target AsyncTargetWrapper(Name=ColorConsole)
2021-03-13 15:28:07.8592 Warn Error has been raised. Exception: NLog.NLogConfigurationException: Failed to create target type: Sentry
 ---> System.ArgumentException: Target cannot be found: 'Sentry'
   at NLog.Config.Factory`2.CreateInstance(String itemName)
   at NLog.Config.LoggingConfigurationParser.CreateTargetType(String targetTypeName)
   --- End of inner exception stack trace ---
2021-03-13 15:28:07.8675 Warn Error has been raised. Exception: NLog.NLogConfigurationException: Target 'Sentry' not found for logging rule: *.
2021-03-13 15:28:07.9674 Info Validating config: TargetNames=ColorConsole, LogFile, ConfigItems=37, FilePath=/Users/pasha/Documents/GitHub/PythonGit/LNUStudy/C#/Task_04/ProductRest/ProductRest/bin/Debug/net5.0/logs/nlog.config
